This is pdfTeX, Version 3.14159265-2.6-1.40.18 (TeX Live 2017/Debian) (preloaded format=pdflatex 2018.10.13)  7 JAN 2019 12:58
entering extended mode
 restricted \write18 enabled.
 %&-line parsing enabled.
**overview.tex
(./overview.tex
LaTeX2e <2017-04-15>
Babel <3.18> and hyphenation patterns for 84 language(s) loaded.
(/usr/share/texlive/texmf-dist/tex/latex/base/article.cls
Document Class: article 2014/09/29 v1.4h Standard LaTeX document class
(/usr/share/texlive/texmf-dist/tex/latex/base/size10.clo
File: size10.clo 2014/09/29 v1.4h Standard LaTeX file (size option)
)
\c@part=\count79
\c@section=\count80
\c@subsection=\count81
\c@subsubsection=\count82
\c@paragraph=\count83
\c@subparagraph=\count84
\c@figure=\count85
\c@table=\count86
\abovecaptionskip=\skip41
\belowcaptionskip=\skip42
\bibindent=\dimen102
)
(/usr/share/texlive/texmf-dist/tex/latex/parskip/parskip.sty
Package: parskip 2001/04/09 non-zero parskip adjustments
)
(/usr/share/texlive/texmf-dist/tex/latex/enumitem/enumitem.sty
Package: enumitem 2011/09/28 v3.5.2 Customized lists
\enitkv@toks@=\toks14
\labelindent=\skip43
\enit@outerparindent=\dimen103
\enit@toks=\toks15
\enit@inbox=\box26
\enitdp@description=\count87
)
(/usr/share/texlive/texmf-dist/tex/latex/graphics/graphicx.sty
Package: graphicx 2017/06/01 v1.1a Enhanced LaTeX Graphics (DPC,SPQR)

(/usr/share/texlive/texmf-dist/tex/latex/graphics/keyval.sty
Package: keyval 2014/10/28 v1.15 key=value parser (DPC)
\KV@toks@=\toks16
)
(/usr/share/texlive/texmf-dist/tex/latex/graphics/graphics.sty
Package: graphics 2017/06/25 v1.2c Standard LaTeX Graphics (DPC,SPQR)

(/usr/share/texlive/texmf-dist/tex/latex/graphics/trig.sty
Package: trig 2016/01/03 v1.10 sin cos tan (DPC)
)
(/usr/share/texlive/texmf-dist/tex/latex/graphics-cfg/graphics.cfg
File: graphics.cfg 2016/06/04 v1.11 sample graphics configuration
)
Package graphics Info: Driver file: pdftex.def on input line 99.

(/usr/share/texlive/texmf-dist/tex/latex/graphics-def/pdftex.def
File: pdftex.def 2018/01/08 v1.0l Graphics/color driver for pdftex
))
\Gin@req@height=\dimen104
\Gin@req@width=\dimen105
)
(/usr/share/texlive/texmf-dist/tex/latex/tools/multicol.sty
Package: multicol 2017/04/11 v1.8q multicolumn formatting (FMi)
\c@tracingmulticols=\count88
\mult@box=\box27
\multicol@leftmargin=\dimen106
\c@unbalance=\count89
\c@collectmore=\count90
\doublecol@number=\count91
\multicoltolerance=\count92
\multicolpretolerance=\count93
\full@width=\dimen107
\page@free=\dimen108
\premulticols=\dimen109
\postmulticols=\dimen110
\multicolsep=\skip44
\multicolbaselineskip=\skip45
\partial@page=\box28
\last@line=\box29
\maxbalancingoverflow=\dimen111
\mult@rightbox=\box30
\mult@grightbox=\box31
\mult@gfirstbox=\box32
\mult@firstbox=\box33
\@tempa=\box34
\@tempa=\box35
\@tempa=\box36
\@tempa=\box37
\@tempa=\box38
\@tempa=\box39
\@tempa=\box40
\@tempa=\box41
\@tempa=\box42
\@tempa=\box43
\@tempa=\box44
\@tempa=\box45
\@tempa=\box46
\@tempa=\box47
\@tempa=\box48
\@tempa=\box49
\@tempa=\box50
\c@columnbadness=\count94
\c@finalcolumnbadness=\count95
\last@try=\dimen112
\multicolovershoot=\dimen113
\multicolundershoot=\dimen114
\mult@nat@firstbox=\box51
\colbreak@box=\box52
\mc@col@check@num=\count96
)
(/usr/share/texlive/texmf-dist/tex/latex/hyperref/hyperref.sty
Package: hyperref 2018/02/06 v6.86b Hypertext links for LaTeX

(/usr/share/texlive/texmf-dist/tex/generic/oberdiek/hobsub-hyperref.sty
Package: hobsub-hyperref 2016/05/16 v1.14 Bundle oberdiek, subset hyperref (HO)


(/usr/share/texlive/texmf-dist/tex/generic/oberdiek/hobsub-generic.sty
Package: hobsub-generic 2016/05/16 v1.14 Bundle oberdiek, subset generic (HO)
Package: hobsub 2016/05/16 v1.14 Construct package bundles (HO)
Package: infwarerr 2016/05/16 v1.4 Providing info/warning/error messages (HO)
Package: ltxcmds 2016/05/16 v1.23 LaTeX kernel commands for general use (HO)
Package: ifluatex 2016/05/16 v1.4 Provides the ifluatex switch (HO)
Package ifluatex Info: LuaTeX not detected.
Package: ifvtex 2016/05/16 v1.6 Detect VTeX and its facilities (HO)
Package ifvtex Info: VTeX not detected.
Package: intcalc 2016/05/16 v1.2 Expandable calculations with integers (HO)
Package: ifpdf 2017/03/15 v3.2 Provides the ifpdf switch
Package: etexcmds 2016/05/16 v1.6 Avoid name clashes with e-TeX commands (HO)
Package etexcmds Info: Could not find \expanded.
(etexcmds)             That can mean that you are not using pdfTeX 1.50 or
(etexcmds)             that some package has redefined \expanded.
(etexcmds)             In the latter case, load this package earlier.
Package: kvsetkeys 2016/05/16 v1.17 Key value parser (HO)
Package: kvdefinekeys 2016/05/16 v1.4 Define keys (HO)
Package: pdftexcmds 2018/01/21 v0.26 Utility functions of pdfTeX for LuaTeX (HO
)
Package pdftexcmds Info: LuaTeX not detected.
Package pdftexcmds Info: \pdf@primitive is available.
Package pdftexcmds Info: \pdf@ifprimitive is available.
Package pdftexcmds Info: \pdfdraftmode found.
Package: pdfescape 2016/05/16 v1.14 Implements pdfTeX's escape features (HO)
Package: bigintcalc 2016/05/16 v1.4 Expandable calculations on big integers (HO
)
Package: bitset 2016/05/16 v1.2 Handle bit-vector datatype (HO)
Package: uniquecounter 2016/05/16 v1.3 Provide unlimited unique counter (HO)
)
Package hobsub Info: Skipping package `hobsub' (already loaded).
Package: letltxmacro 2016/05/16 v1.5 Let assignment for LaTeX macros (HO)
Package: hopatch 2016/05/16 v1.3 Wrapper for package hooks (HO)
Package: xcolor-patch 2016/05/16 xcolor patch
Package: atveryend 2016/05/16 v1.9 Hooks at the very end of document (HO)
Package atveryend Info: \enddocument detected (standard20110627).
Package: atbegshi 2016/06/09 v1.18 At begin shipout hook (HO)
Package: refcount 2016/05/16 v3.5 Data extraction from label references (HO)
Package: hycolor 2016/05/16 v1.8 Color options for hyperref/bookmark (HO)
)
(/usr/share/texlive/texmf-dist/tex/generic/ifxetex/ifxetex.sty
Package: ifxetex 2010/09/12 v0.6 Provides ifxetex conditional
)
(/usr/share/texlive/texmf-dist/tex/latex/oberdiek/auxhook.sty
Package: auxhook 2016/05/16 v1.4 Hooks for auxiliary files (HO)
)
(/usr/share/texlive/texmf-dist/tex/latex/oberdiek/kvoptions.sty
Package: kvoptions 2016/05/16 v3.12 Key value format for package options (HO)
)
\@linkdim=\dimen115
\Hy@linkcounter=\count97
\Hy@pagecounter=\count98

(/usr/share/texlive/texmf-dist/tex/latex/hyperref/pd1enc.def
File: pd1enc.def 2018/02/06 v6.86b Hyperref: PDFDocEncoding definition (HO)
)
\Hy@SavedSpaceFactor=\count99

(/usr/share/texlive/texmf-dist/tex/latex/latexconfig/hyperref.cfg
File: hyperref.cfg 2002/06/06 v1.2 hyperref configuration of TeXLive
)
Package hyperref Info: Option `colorlinks' set `true' on input line 4383.
Package hyperref Info: Hyper figures OFF on input line 4509.
Package hyperref Info: Link nesting OFF on input line 4514.
Package hyperref Info: Hyper index ON on input line 4517.
Package hyperref Info: Plain pages OFF on input line 4524.
Package hyperref Info: Backreferencing OFF on input line 4529.
Package hyperref Info: Implicit mode ON; LaTeX internals redefined.
Package hyperref Info: Bookmarks ON on input line 4762.
\c@Hy@tempcnt=\count100

(/usr/share/texlive/texmf-dist/tex/latex/url/url.sty
\Urlmuskip=\muskip10
Package: url 2013/09/16  ver 3.4  Verb mode for urls, etc.
)
LaTeX Info: Redefining \url on input line 5115.
\XeTeXLinkMargin=\dimen116
\Fld@menulength=\count101
\Field@Width=\dimen117
\Fld@charsize=\dimen118
Package hyperref Info: Hyper figures OFF on input line 6369.
Package hyperref Info: Link nesting OFF on input line 6374.
Package hyperref Info: Hyper index ON on input line 6377.
Package hyperref Info: backreferencing OFF on input line 6384.
Package hyperref Info: Link coloring ON on input line 6387.
Package hyperref Info: Link coloring with OCG OFF on input line 6394.
Package hyperref Info: PDF/A mode OFF on input line 6399.
LaTeX Info: Redefining \ref on input line 6439.
LaTeX Info: Redefining \pageref on input line 6443.
\Hy@abspage=\count102
\c@Item=\count103
\c@Hfootnote=\count104
)
Package hyperref Info: Driver (autodetected): hpdftex.

(/usr/share/texlive/texmf-dist/tex/latex/hyperref/hpdftex.def
File: hpdftex.def 2018/02/06 v6.86b Hyperref driver for pdfTeX
\Fld@listcount=\count105
\c@bookmark@seq@number=\count106

(/usr/share/texlive/texmf-dist/tex/latex/oberdiek/rerunfilecheck.sty
Package: rerunfilecheck 2016/05/16 v1.8 Rerun checks for auxiliary files (HO)
Package uniquecounter Info: New unique counter `rerunfilecheck' on input line 2
82.
)
\Hy@SectionHShift=\skip46
)
(/usr/share/texlive/texmf-dist/tex/latex/geometry/geometry.sty
Package: geometry 2010/09/12 v5.6 Page Geometry
\Gm@cnth=\count107
\Gm@cntv=\count108
\c@Gm@tempcnt=\count109
\Gm@bindingoffset=\dimen119
\Gm@wd@mp=\dimen120
\Gm@odd@mp=\dimen121
\Gm@even@mp=\dimen122
\Gm@layoutwidth=\dimen123
\Gm@layoutheight=\dimen124
\Gm@layouthoffset=\dimen125
\Gm@layoutvoffset=\dimen126
\Gm@dimlist=\toks17
)
(/usr/share/texlive/texmf-dist/tex/latex/koma-script/typearea.sty
Package: typearea 2017/09/07 v3.24 KOMA-Script package (type area)

(/usr/share/texlive/texmf-dist/tex/latex/koma-script/scrkbase.sty
Package: scrkbase 2017/09/07 v3.24 KOMA-Script package (KOMA-Script-dependent b
asics and keyval usage)

(/usr/share/texlive/texmf-dist/tex/latex/koma-script/scrbase.sty
Package: scrbase 2017/09/07 v3.24 KOMA-Script package (KOMA-Script-independent 
basics and keyval usage)

(/usr/share/texlive/texmf-dist/tex/latex/koma-script/scrlfile.sty
Package: scrlfile 2017/09/07 v3.24 KOMA-Script package (loading files)
)))
\ta@bcor=\skip47
\ta@div=\count110
Package typearea Info: You've used standard option `a4paper'.
(typearea)             This is correct!
(typearea)             Internally I'm using `paper=a4'.
(typearea)             If you'd like to set the option with \KOMAoptions,
(typearea)             you'd have to use `paper=a4' there
(typearea)             instead of `a4paper', too.
\ta@hblk=\skip48
\ta@vblk=\skip49
\ta@temp=\skip50
\footheight=\skip51
Package typearea Info: These are the values describing the layout:
(typearea)             DIV  = 8
(typearea)             BCOR = 0.0pt
(typearea)             \paperwidth      = 597.50793pt
(typearea)              \textwidth      = 373.44246pt
(typearea)              DIV departure   = -4%
(typearea)              \evensidemargin = 39.76274pt
(typearea)              \oddsidemargin  = 39.76274pt
(typearea)             \paperheight     = 845.04694pt
(typearea)              \textheight     = 538.0pt
(typearea)              \topmargin      = 0.36087pt
(typearea)              \headheight     = 15.0pt
(typearea)              \headsep        = 18.0pt
(typearea)              \topskip        = 10.0pt
(typearea)              \footskip       = 42.0pt
(typearea)              \baselineskip   = 12.0pt
(typearea)              on input line 1686.
)
(./overview.aux)
\openout1 = `overview.aux'.

LaTeX Font Info:    Checking defaults for OML/cmm/m/it on input line 29.
LaTeX Font Info:    ... okay on input line 29.
LaTeX Font Info:    Checking defaults for T1/cmr/m/n on input line 29.
LaTeX Font Info:    ... okay on input line 29.
LaTeX Font Info:    Checking defaults for OT1/cmr/m/n on input line 29.
LaTeX Font Info:    ... okay on input line 29.
LaTeX Font Info:    Checking defaults for OMS/cmsy/m/n on input line 29.
LaTeX Font Info:    ... okay on input line 29.
LaTeX Font Info:    Checking defaults for OMX/cmex/m/n on input line 29.
LaTeX Font Info:    ... okay on input line 29.
LaTeX Font Info:    Checking defaults for U/cmr/m/n on input line 29.
LaTeX Font Info:    ... okay on input line 29.
LaTeX Font Info:    Checking defaults for PD1/pdf/m/n on input line 29.
LaTeX Font Info:    ... okay on input line 29.

(/usr/share/texlive/texmf-dist/tex/context/base/mkii/supp-pdf.mkii
[Loading MPS to PDF converter (version 2006.09.02).]
\scratchcounter=\count111
\scratchdimen=\dimen127
\scratchbox=\box53
\nofMPsegments=\count112
\nofMParguments=\count113
\everyMPshowfont=\toks18
\MPscratchCnt=\count114
\MPscratchDim=\dimen128
\MPnumerator=\count115
\makeMPintoPDFobject=\count116
\everyMPtoPDFconversion=\toks19
) (/usr/share/texlive/texmf-dist/tex/latex/oberdiek/epstopdf-base.sty
Package: epstopdf-base 2016/05/15 v2.6 Base part for package epstopdf

(/usr/share/texlive/texmf-dist/tex/latex/oberdiek/grfext.sty
Package: grfext 2016/05/16 v1.2 Manage graphics extensions (HO)
)
Package epstopdf-base Info: Redefining graphics rule for `.eps' on input line 4
38.
Package grfext Info: Graphics extension search list:
(grfext)             [.pdf,.png,.jpg,.mps,.jpeg,.jbig2,.jb2,.PDF,.PNG,.JPG,.JPE
G,.JBIG2,.JB2,.eps]
(grfext)             \AppendGraphicsExtensions on input line 456.

(/usr/share/texlive/texmf-dist/tex/latex/latexconfig/epstopdf-sys.cfg
File: epstopdf-sys.cfg 2010/07/13 v1.3 Configuration of (r)epstopdf for TeX Liv
e
))
\AtBeginShipoutBox=\box54

(/usr/share/texlive/texmf-dist/tex/latex/graphics/color.sty
Package: color 2016/07/10 v1.1e Standard LaTeX Color (DPC)

(/usr/share/texlive/texmf-dist/tex/latex/graphics-cfg/color.cfg
File: color.cfg 2016/01/02 v1.6 sample color configuration
)
Package color Info: Driver file: pdftex.def on input line 147.
)
Package hyperref Info: Link coloring ON on input line 29.

(/usr/share/texlive/texmf-dist/tex/latex/hyperref/nameref.sty
Package: nameref 2016/05/21 v2.44 Cross-referencing by name of section

(/usr/share/texlive/texmf-dist/tex/generic/oberdiek/gettitlestring.sty
Package: gettitlestring 2016/05/16 v1.5 Cleanup title references (HO)
)
\c@section@level=\count117
)
LaTeX Info: Redefining \ref on input line 29.
LaTeX Info: Redefining \pageref on input line 29.
LaTeX Info: Redefining \nameref on input line 29.

(./overview.out) (./overview.out)
\@outlinefile=\write3
\openout3 = `overview.out'.


*geometry* driver: auto-detecting
*geometry* detected driver: pdftex
*geometry* verbose mode - [ preamble ] result:
* driver: pdftex
* paper: a4paper
* layout: <same size as paper>
* layoutoffset:(h,v)=(0.0pt,0.0pt)
* modes: 
* h-part:(L,W,R)=(89.62709pt, 418.25368pt, 89.6271pt)
* v-part:(T,H,B)=(101.40665pt, 591.5302pt, 152.11pt)
* \paperwidth=597.50793pt
* \paperheight=845.04694pt
* \textwidth=373.44246pt
* \textheight=538.0pt
* \oddsidemargin=39.76274pt
* \evensidemargin=39.76274pt
* \topmargin=0.36087pt
* \headheight=15.0pt
* \headsep=18.0pt
* \topskip=10.0pt
* \footskip=42.0pt
* \marginparwidth=74.68849pt
* \marginparsep=12.8401pt
* \columnsep=10.0pt
* \skip\footins=9.0pt plus 4.0pt minus 2.0pt
* \hoffset=0.0pt
* \voffset=0.0pt
* \mag=1000
* \@twocolumnfalse
* \@twosidefalse
* \@mparswitchfalse
* \@reversemarginfalse
* (1in=72.27pt=25.4mm, 1cm=28.453pt)

LaTeX Font Info:    External font `cmex10' loaded for size
(Font)              <12> on input line 32.
LaTeX Font Info:    External font `cmex10' loaded for size
(Font)              <8> on input line 32.
LaTeX Font Info:    External font `cmex10' loaded for size
(Font)              <6> on input line 32.

Overfull \hbox (2.66933pt too wide) in paragraph at lines 35--36
\OT1/cmr/m/n/10 Onze bach-e-loro-plei-d-ing bestaat uit 180 studiepun-ten verde
eld over ver-schil-lende vakken.
 []

[1

{/var/lib/texmf/fonts/map/pdftex/updmap/pdftex.map}]
*geometry* verbose mode - [ newgeometry ] result:
* driver: pdftex
* paper: a4paper
* layout: <same size as paper>
* layoutoffset:(h,v)=(0.0pt,0.0pt)
* modes: 
* h-part:(L,W,R)=(56.9055pt, 483.69693pt, 56.9055pt)
* v-part:(T,H,B)=(101.40665pt, 591.53027pt, 152.11002pt)
* \paperwidth=597.50793pt
* \paperheight=845.04694pt
* \textwidth=483.69693pt
* \textheight=591.53027pt
* \oddsidemargin=-15.36449pt
* \evensidemargin=-15.36449pt
* \topmargin=-3.86334pt
* \headheight=15.0pt
* \headsep=18.0pt
* \topskip=10.0pt
* \footskip=42.0pt
* \marginparwidth=74.68849pt
* \marginparsep=12.8401pt
* \columnsep=10.0pt
* \skip\footins=9.0pt plus 4.0pt minus 2.0pt
* \hoffset=0.0pt
* \voffset=0.0pt
* \mag=1000
* \@twocolumnfalse
* \@twosidefalse
* \@mparswitchfalse
* \@reversemarginfalse
* (1in=72.27pt=25.4mm, 1cm=28.453pt)

LaTeX Font Info:    Try loading font information for OMS+cmr on input line 60.

(/usr/share/texlive/texmf-dist/tex/latex/base/omscmr.fd
File: omscmr.fd 2014/09/29 v2.5h Standard LaTeX font definitions
)
LaTeX Font Info:    Font shape `OMS/cmr/m/n' in size <10> not available
(Font)              Font shape `OMS/cmsy/m/n' tried instead on input line 60.
 [2

]
LaTeX Font Info:    External font `cmex10' loaded for size
(Font)              <7> on input line 144.
LaTeX Font Info:    External font `cmex10' loaded for size
(Font)              <5> on input line 144.

Overfull \hbox (12.64151pt too wide) in paragraph at lines 160--162
[]\OT1/cmr/m/n/10 Naast deze 6 ver-plaatsin-gen wer-den er in to-taal 16 de-pen
-den-cies ver-wi-jderd, 10 toegevoegd
 []

Missing character: There is no ‚ in font cmr10!
Missing character: There is no Ä in font cmr10!
Missing character: There is no ú in font cmr10!
Missing character: There is no ‚ in font cmr10!
Missing character: There is no Ä in font cmr10!
Missing character: There is no ù in font cmr10!

Overfull \hbox (25.55406pt too wide) in paragraph at lines 172--173
\OT1/cmtt/m/n/10 google . com / spreadsheets / d / 1T8GeSHsQ6CSgPZ0BglJ1SfIyf18
gLyuK4j7VvpDPkYQ / edit ?
 []

[3

] [1]

Package typearea Warning: Bad type area settings!
(typearea)                The detected line width is about 48%
(typearea)                larger than the heuristically detected line width.
(typearea)                You should e.g. decrease DIV, increase fontsize
(typearea)                or change papersize.

Package typearea Info: These are the values describing the layout:
(typearea)             DIV  = 8
(typearea)             BCOR = 0.0pt
(typearea)             \paperwidth      = 845.04694pt
(typearea)              \textwidth      = 528.15436pt
(typearea)              DIV departure   = -48%
(typearea)              \evensidemargin = 86.1763pt
(typearea)              \oddsidemargin  = 86.1763pt
(typearea)             \paperheight     = 597.50793pt
(typearea)              \textheight     = 382.0pt
(typearea)              \topmargin      = -30.5815pt
(typearea)              \headheight     = 15.0pt
(typearea)              \headsep        = 18.0pt
(typearea)              \topskip        = 10.0pt
(typearea)              \footskip       = 42.0pt
(typearea)              \baselineskip   = 12.0pt
(typearea)              on input line 185.
Package typearea Info: Using dirty hack to recalculate internal output
(typearea)             dimensions of LaTeX on input line 185.
<current.pdf, id=55, 1650.165pt x 1201.48875pt>
File: current.pdf Graphic file (type pdf)
<use current.pdf>
Package pdftex.def Info: current.pdf  used on input line 187.
(pdftex.def)             Requested size: 707.7249pt x 515.29178pt.

Overfull \hbox (95.06392pt too wide) in paragraph at lines 187--188
 []| [] 
 []


Overfull \vbox (79.1599pt too high) has occurred while \output is active []

pdfTeX warning (ext4): destination with the same identifier (name{page.}) has b
een already used, duplicate ignored
<to be read again> 
                   \relax 
l.189     \includeFullPage{solution_rel.pdf}
                                             [2 <./current.pdf>]
<solution_rel.pdf, id=67, 1650.165pt x 1409.265pt>
File: solution_rel.pdf Graphic file (type pdf)
<use solution_rel.pdf>
Package pdftex.def Info: solution_rel.pdf  used on input line 189.
(pdftex.def)             Requested size: 707.7249pt x 604.40239pt.

Overfull \hbox (95.06392pt too wide) in paragraph at lines 189--190
 []| [] 
 []


Overfull \vbox (168.27051pt too high) has occurred while \output is active []

pdfTeX warning (ext4): destination with the same identifier (name{page.}) has b
een already used, duplicate ignored
<to be read again> 
                   \relax 
l.191 ...udeFullPage{Overview/IP_solution_rel.pdf}
                                                   [3 <./solution_rel.pdf>]
<Overview/IP_solution_rel.pdf, id=77, 1650.165pt x 1188.44pt>
File: Overview/IP_solution_rel.pdf Graphic file (type pdf)
<use Overview/IP_solution_rel.pdf>
Package pdftex.def Info: Overview/IP_solution_rel.pdf  used on input line 191.
(pdftex.def)             Requested size: 707.7249pt x 509.69547pt.

Overfull \hbox (95.06392pt too wide) in paragraph at lines 191--192
 []| [] 
 []


Overfull \vbox (73.56358pt too high) has occurred while \output is active []

pdfTeX warning (ext4): destination with the same identifier (name{page.}) has b
een already used, duplicate ignored
<to be read again> 
                   \relax 
l.193 ...udeFullPage{Overview/DW_solution_rel.pdf}
                                                   [4 <./Overview/IP_solution_r
el.pdf>]
<Overview/DW_solution_rel.pdf, id=88, 1650.165pt x 1188.44pt>
File: Overview/DW_solution_rel.pdf Graphic file (type pdf)
<use Overview/DW_solution_rel.pdf>
Package pdftex.def Info: Overview/DW_solution_rel.pdf  used on input line 193.
(pdftex.def)             Requested size: 707.7249pt x 509.69547pt.

Overfull \hbox (95.06392pt too wide) in paragraph at lines 193--194
 []| [] 
 []


Overfull \vbox (73.56358pt too high) has occurred while \output is active []

pdfTeX warning (ext4): destination with the same identifier (name{page.}) has b
een already used, duplicate ignored
<to be read again> 
                   \relax 
l.195 ...deFullPage{Overview/CSA_solution_rel.pdf}
                                                   [5 <./Overview/DW_solution_r
el.pdf>]
<Overview/CSA_solution_rel.pdf, id=98, 1650.165pt x 1219.55624pt>
File: Overview/CSA_solution_rel.pdf Graphic file (type pdf)
<use Overview/CSA_solution_rel.pdf>
Package pdftex.def Info: Overview/CSA_solution_rel.pdf  used on input line 195.

(pdftex.def)             Requested size: 707.7249pt x 523.04051pt.

Overfull \hbox (95.06392pt too wide) in paragraph at lines 195--196
 []| [] 
 []


Overfull \vbox (86.90863pt too high) has occurred while \output is active []

pdfTeX warning (ext4): destination with the same identifier (name{page.}) has b
een already used, duplicate ignored
<to be read again> 
                   \relax 
l.197 ...deFullPage{Overview/GAS_solution_rel.pdf}
                                                   [6 <./Overview/CSA_solution_
rel.pdf>]
<Overview/GAS_solution_rel.pdf, id=108, 1650.165pt x 1249.66875pt>
File: Overview/GAS_solution_rel.pdf Graphic file (type pdf)
<use Overview/GAS_solution_rel.pdf>
Package pdftex.def Info: Overview/GAS_solution_rel.pdf  used on input line 197.

(pdftex.def)             Requested size: 707.7249pt x 535.95511pt.

Overfull \hbox (95.06392pt too wide) in paragraph at lines 197--198
 []| [] 
 []


Overfull \vbox (99.82323pt too high) has occurred while \output is active []

pdfTeX warning (ext4): destination with the same identifier (name{page.}) has b
een already used, duplicate ignored
<to be read again> 
                   \relax 
l.199 ...udeFullPage{Overview/TA_solution_rel.pdf}
                                                   [7 <./Overview/GAS_solution_
rel.pdf>]
<Overview/TA_solution_rel.pdf, id=118, 1650.165pt x 1279.78125pt>
File: Overview/TA_solution_rel.pdf Graphic file (type pdf)
<use Overview/TA_solution_rel.pdf>
Package pdftex.def Info: Overview/TA_solution_rel.pdf  used on input line 199.
(pdftex.def)             Requested size: 707.7249pt x 548.86969pt.

Overfull \hbox (95.06392pt too wide) in paragraph at lines 199--200
 []| [] 
 []


Overfull \vbox (112.73781pt too high) has occurred while \output is active []

pdfTeX warning (ext4): destination with the same identifier (name{page.}) has b
een already used, duplicate ignored
<to be read again> 
                   \relax 
l.201 ...deFullPage{Overview/PSE_solution_rel.pdf}
                                                   [8 <./Overview/TA_solution_r
el.pdf>]
<Overview/PSE_solution_rel.pdf, id=128, 1650.165pt x 1188.44pt>
File: Overview/PSE_solution_rel.pdf Graphic file (type pdf)
<use Overview/PSE_solution_rel.pdf>
Package pdftex.def Info: Overview/PSE_solution_rel.pdf  used on input line 201.

(pdftex.def)             Requested size: 707.7249pt x 509.69547pt.

Overfull \hbox (95.06392pt too wide) in paragraph at lines 201--202
 []| [] 
 []


Overfull \vbox (73.56358pt too high) has occurred while \output is active []

pdfTeX warning (ext4): destination with the same identifier (name{page.}) has b
een already used, duplicate ignored
<to be read again> 
                   \relax 
l.203 ...eFullPage{Overview/CALC_solution_rel.pdf}
                                                   [9 <./Overview/PSE_solution_
rel.pdf>]
<Overview/CALC_solution_rel.pdf, id=138, 1650.165pt x 1273.75874pt>
File: Overview/CALC_solution_rel.pdf Graphic file (type pdf)
<use Overview/CALC_solution_rel.pdf>
Package pdftex.def Info: Overview/CALC_solution_rel.pdf  used on input line 203
.
(pdftex.def)             Requested size: 707.7249pt x 546.28676pt.

Overfull \hbox (95.06392pt too wide) in paragraph at lines 203--204
 []| [] 
 []


Overfull \vbox (110.15488pt too high) has occurred while \output is active []

pdfTeX warning (ext4): destination with the same identifier (name{page.}) has b
een already used, duplicate ignored
<to be read again> 
                   \relax 
l.205 ...udeFullPage{Overview/CG_solution_rel.pdf}
                                                   [10 <./Overview/CALC_solutio
n_rel.pdf>]
<Overview/CG_solution_rel.pdf, id=149, 1650.165pt x 1188.44pt>
File: Overview/CG_solution_rel.pdf Graphic file (type pdf)
<use Overview/CG_solution_rel.pdf>
Package pdftex.def Info: Overview/CG_solution_rel.pdf  used on input line 205.
(pdftex.def)             Requested size: 707.7249pt x 509.69547pt.

Overfull \hbox (95.06392pt too wide) in paragraph at lines 205--206
 []| [] 
 []


Overfull \vbox (73.56358pt too high) has occurred while \output is active []

pdfTeX warning (ext4): destination with the same identifier (name{page.}) has b
een already used, duplicate ignored
<to be read again> 
                   \relax 
l.207 ...udeFullPage{Overview/GP_solution_rel.pdf}
                                                   [11 <./Overview/CG_solution_
rel.pdf>]
<Overview/GP_solution_rel.pdf, id=160, 1650.165pt x 1188.44pt>
File: Overview/GP_solution_rel.pdf Graphic file (type pdf)
<use Overview/GP_solution_rel.pdf>
Package pdftex.def Info: Overview/GP_solution_rel.pdf  used on input line 207.
(pdftex.def)             Requested size: 707.7249pt x 509.69547pt.

Overfull \hbox (95.06392pt too wide) in paragraph at lines 207--208
 []| [] 
 []


Overfull \vbox (73.56358pt too high) has occurred while \output is active []

pdfTeX warning (ext4): destination with the same identifier (name{page.}) has b
een already used, duplicate ignored
<to be read again> 
                   \relax 
l.209 ...udeFullPage{Overview/MB_solution_rel.pdf}
                                                   [12 <./Overview/GP_solution_
rel.pdf>]
<Overview/MB_solution_rel.pdf, id=170, 1650.165pt x 1188.44pt>
File: Overview/MB_solution_rel.pdf Graphic file (type pdf)
<use Overview/MB_solution_rel.pdf>
Package pdftex.def Info: Overview/MB_solution_rel.pdf  used on input line 209.
(pdftex.def)             Requested size: 707.7249pt x 509.69547pt.

Overfull \hbox (95.06392pt too wide) in paragraph at lines 209--210
 []| [] 
 []


Overfull \vbox (73.56358pt too high) has occurred while \output is active []

pdfTeX warning (ext4): destination with the same identifier (name{page.}) has b
een already used, duplicate ignored
<to be read again> 
                   \relax 
l.211 ...eFullPage{Overview/IDBS_solution_rel.pdf}
                                                   [13 <./Overview/MB_solution_
rel.pdf>]
<Overview/IDBS_solution_rel.pdf, id=180, 1650.165pt x 1188.44pt>
File: Overview/IDBS_solution_rel.pdf Graphic file (type pdf)
<use Overview/IDBS_solution_rel.pdf>
Package pdftex.def Info: Overview/IDBS_solution_rel.pdf  used on input line 211
.
(pdftex.def)             Requested size: 707.7249pt x 509.69547pt.

Overfull \hbox (95.06392pt too wide) in paragraph at lines 211--212
 []| [] 
 []


Overfull \vbox (73.56358pt too high) has occurred while \output is active []

pdfTeX warning (ext4): destination with the same identifier (name{page.}) has b
een already used, duplicate ignored
<to be read again> 
                   \relax 
l.213 ...udeFullPage{Overview/LA_solution_rel.pdf}
                                                   [14 <./Overview/IDBS_solutio
n_rel.pdf>]
<Overview/LA_solution_rel.pdf, id=190, 1650.165pt x 1217.54875pt>
File: Overview/LA_solution_rel.pdf Graphic file (type pdf)
<use Overview/LA_solution_rel.pdf>
Package pdftex.def Info: Overview/LA_solution_rel.pdf  used on input line 213.
(pdftex.def)             Requested size: 707.7249pt x 522.17955pt.

Overfull \hbox (95.06392pt too wide) in paragraph at lines 213--214
 []| [] 
 []


Overfull \vbox (86.04767pt too high) has occurred while \output is active []

pdfTeX warning (ext4): destination with the same identifier (name{page.}) has b
een already used, duplicate ignored
<to be read again> 
                   \relax 
l.215 ...udeFullPage{Overview/DS_solution_rel.pdf}
                                                   [15 <./Overview/LA_solution_
rel.pdf>]
<Overview/DS_solution_rel.pdf, id=200, 1650.165pt x 1188.44pt>
File: Overview/DS_solution_rel.pdf Graphic file (type pdf)
<use Overview/DS_solution_rel.pdf>
Package pdftex.def Info: Overview/DS_solution_rel.pdf  used on input line 215.
(pdftex.def)             Requested size: 707.7249pt x 509.69547pt.

Overfull \hbox (95.06392pt too wide) in paragraph at lines 215--216
 []| [] 
 []


Overfull \vbox (73.56358pt too high) has occurred while \output is active []

pdfTeX warning (ext4): destination with the same identifier (name{page.}) has b
een already used, duplicate ignored
<to be read again> 
                   \relax 
l.217 ...deFullPage{Overview/PPD_solution_rel.pdf}
                                                   [16 <./Overview/DS_solution_
rel.pdf>]
<Overview/PPD_solution_rel.pdf, id=211, 1650.165pt x 1188.44pt>
File: Overview/PPD_solution_rel.pdf Graphic file (type pdf)
<use Overview/PPD_solution_rel.pdf>
Package pdftex.def Info: Overview/PPD_solution_rel.pdf  used on input line 217.

(pdftex.def)             Requested size: 707.7249pt x 509.69547pt.

Overfull \hbox (95.06392pt too wide) in paragraph at lines 217--218
 []| [] 
 []


Overfull \vbox (73.56358pt too high) has occurred while \output is active []

pdfTeX warning (ext4): destination with the same identifier (name{page.}) has b
een already used, duplicate ignored
<to be read again> 
                   \relax 
l.219 ...udeFullPage{Overview/CN_solution_rel.pdf}
                                                   [17 <./Overview/PPD_solution
_rel.pdf>]
<Overview/CN_solution_rel.pdf, id=221, 1650.165pt x 1188.44pt>
File: Overview/CN_solution_rel.pdf Graphic file (type pdf)
<use Overview/CN_solution_rel.pdf>
Package pdftex.def Info: Overview/CN_solution_rel.pdf  used on input line 219.
(pdftex.def)             Requested size: 707.7249pt x 509.69547pt.

Overfull \hbox (95.06392pt too wide) in paragraph at lines 219--220
 []| [] 
 []


Overfull \vbox (73.56358pt too high) has occurred while \output is active []

pdfTeX warning (ext4): destination with the same identifier (name{page.}) has b
een already used, duplicate ignored
<to be read again> 
                   \relax 
l.221 ...deFullPage{Overview/FYS_solution_rel.pdf}
                                                   [18 <./Overview/CN_solution_
rel.pdf>]
<Overview/FYS_solution_rel.pdf, id=231, 1650.165pt x 1188.44pt>
File: Overview/FYS_solution_rel.pdf Graphic file (type pdf)
<use Overview/FYS_solution_rel.pdf>
Package pdftex.def Info: Overview/FYS_solution_rel.pdf  used on input line 221.

(pdftex.def)             Requested size: 707.7249pt x 509.69547pt.

Overfull \hbox (95.06392pt too wide) in paragraph at lines 221--222
 []| [] 
 []


Overfull \vbox (73.56358pt too high) has occurred while \output is active []

pdfTeX warning (ext4): destination with the same identifier (name{page.}) has b
een already used, duplicate ignored
<to be read again> 
                   \relax 
l.223 ...udeFullPage{Overview/NA_solution_rel.pdf}
                                                   [19 <./Overview/FYS_solution
_rel.pdf>]
<Overview/NA_solution_rel.pdf, id=241, 1650.165pt x 1188.44pt>
File: Overview/NA_solution_rel.pdf Graphic file (type pdf)
<use Overview/NA_solution_rel.pdf>
Package pdftex.def Info: Overview/NA_solution_rel.pdf  used on input line 223.
(pdftex.def)             Requested size: 707.7249pt x 509.69547pt.

Overfull \hbox (95.06392pt too wide) in paragraph at lines 223--224
 []| [] 
 []


Overfull \vbox (73.56358pt too high) has occurred while \output is active []

pdfTeX warning (ext4): destination with the same identifier (name{page.}) has b
een already used, duplicate ignored
<to be read again> 
                   \relax 
l.225 ...udeFullPage{Overview/ES_solution_rel.pdf}
                                                   [20 <./Overview/NA_solution_
rel.pdf>]
<Overview/ES_solution_rel.pdf, id=251, 1650.165pt x 1188.44pt>
File: Overview/ES_solution_rel.pdf Graphic file (type pdf)
<use Overview/ES_solution_rel.pdf>
Package pdftex.def Info: Overview/ES_solution_rel.pdf  used on input line 225.
(pdftex.def)             Requested size: 707.7249pt x 509.69547pt.

Overfull \hbox (95.06392pt too wide) in paragraph at lines 225--226
 []| [] 
 []


Overfull \vbox (73.56358pt too high) has occurred while \output is active []

pdfTeX warning (ext4): destination with the same identifier (name{page.}) has b
een already used, duplicate ignored
<to be read again> 
                   \relax 
l.227 ...udeFullPage{Overview/US_solution_rel.pdf}
                                                   [21 <./Overview/ES_solution_
rel.pdf>]
<Overview/US_solution_rel.pdf, id=261, 1650.165pt x 1188.44pt>
File: Overview/US_solution_rel.pdf Graphic file (type pdf)
<use Overview/US_solution_rel.pdf>
Package pdftex.def Info: Overview/US_solution_rel.pdf  used on input line 227.
(pdftex.def)             Requested size: 707.7249pt x 509.69547pt.

Overfull \hbox (95.06392pt too wide) in paragraph at lines 227--228
 []| [] 
 []


Overfull \vbox (73.56358pt too high) has occurred while \output is active []

pdfTeX warning (ext4): destination with the same identifier (name{page.}) has b
een already used, duplicate ignored
<to be read again> 
                   \relax 
l.229 ...udeFullPage{Overview/SE_solution_rel.pdf}
                                                   [22 <./Overview/US_solution_
rel.pdf>]
<Overview/SE_solution_rel.pdf, id=272, 1650.165pt x 1249.66875pt>
File: Overview/SE_solution_rel.pdf Graphic file (type pdf)
<use Overview/SE_solution_rel.pdf>
Package pdftex.def Info: Overview/SE_solution_rel.pdf  used on input line 229.
(pdftex.def)             Requested size: 707.7249pt x 535.95511pt.

Overfull \hbox (95.06392pt too wide) in paragraph at lines 229--230
 []| [] 
 []


Overfull \vbox (99.82323pt too high) has occurred while \output is active []

pdfTeX warning (ext4): destination with the same identifier (name{page.}) has b
een already used, duplicate ignored
<to be read again> 
                   \relax 
l.231 ...deFullPage{Overview/TCS_solution_rel.pdf}
                                                   [23 <./Overview/SE_solution_
rel.pdf>]
<Overview/TCS_solution_rel.pdf, id=282, 1650.165pt x 1188.44pt>
File: Overview/TCS_solution_rel.pdf Graphic file (type pdf)
<use Overview/TCS_solution_rel.pdf>
Package pdftex.def Info: Overview/TCS_solution_rel.pdf  used on input line 231.

(pdftex.def)             Requested size: 707.7249pt x 509.69547pt.

Overfull \hbox (95.06392pt too wide) in paragraph at lines 231--232
 []| [] 
 []


Overfull \vbox (73.56358pt too high) has occurred while \output is active []

pdfTeX warning (ext4): destination with the same identifier (name{page.}) has b
een already used, duplicate ignored
<to be read again> 
                   \relax 
l.233 ...udeFullPage{Overview/AI_solution_rel.pdf}
                                                   [24 <./Overview/TCS_solution
_rel.pdf>]
<Overview/AI_solution_rel.pdf, id=292, 1650.165pt x 1188.44pt>
File: Overview/AI_solution_rel.pdf Graphic file (type pdf)
<use Overview/AI_solution_rel.pdf>
Package pdftex.def Info: Overview/AI_solution_rel.pdf  used on input line 233.
(pdftex.def)             Requested size: 707.7249pt x 509.69547pt.

Overfull \hbox (95.06392pt too wide) in paragraph at lines 233--234
 []| [] 
 []


Overfull \vbox (73.56358pt too high) has occurred while \output is active []

pdfTeX warning (ext4): destination with the same identifier (name{page.}) has b
een already used, duplicate ignored
<to be read again> 
                   \relax 
l.235 ...udeFullPage{Overview/AC_solution_rel.pdf}
                                                   [25 <./Overview/AI_solution_
rel.pdf>]
<Overview/AC_solution_rel.pdf, id=303, 1650.165pt x 1219.55624pt>
File: Overview/AC_solution_rel.pdf Graphic file (type pdf)
<use Overview/AC_solution_rel.pdf>
Package pdftex.def Info: Overview/AC_solution_rel.pdf  used on input line 235.
(pdftex.def)             Requested size: 707.7249pt x 523.04051pt.

Overfull \hbox (95.06392pt too wide) in paragraph at lines 235--236
 []| [] 
 []


Overfull \vbox (86.90863pt too high) has occurred while \output is active []

pdfTeX warning (ext4): destination with the same identifier (name{page.}) has b
een already used, duplicate ignored
<to be read again> 
                   \relax 
l.237 ...eFullPage{Overview/DSGA_solution_rel.pdf}
                                                   [26 <./Overview/AC_solution_
rel.pdf>]
<Overview/DSGA_solution_rel.pdf, id=313, 1650.165pt x 1188.44pt>
File: Overview/DSGA_solution_rel.pdf Graphic file (type pdf)
<use Overview/DSGA_solution_rel.pdf>
Package pdftex.def Info: Overview/DSGA_solution_rel.pdf  used on input line 237
.
(pdftex.def)             Requested size: 707.7249pt x 509.69547pt.

Overfull \hbox (95.06392pt too wide) in paragraph at lines 237--238
 []| [] 
 []


Overfull \vbox (73.56358pt too high) has occurred while \output is active []

pdfTeX warning (ext4): destination with the same identifier (name{page.}) has b
een already used, duplicate ignored
<to be read again> 
                   \relax 
l.239 ...eFullPage{Overview/COMP_solution_rel.pdf}
                                                   [27 <./Overview/DSGA_solutio
n_rel.pdf>]
<Overview/COMP_solution_rel.pdf, id=323, 1650.165pt x 1279.78125pt>
File: Overview/COMP_solution_rel.pdf Graphic file (type pdf)
<use Overview/COMP_solution_rel.pdf>
Package pdftex.def Info: Overview/COMP_solution_rel.pdf  used on input line 239
.
(pdftex.def)             Requested size: 707.7249pt x 548.86969pt.

Overfull \hbox (95.06392pt too wide) in paragraph at lines 239--240
 []| [] 
 []


Overfull \vbox (112.73781pt too high) has occurred while \output is active []

pdfTeX warning (ext4): destination with the same identifier (name{page.}) has b
een already used, duplicate ignored
<to be read again> 
                   \relax 
l.241 ...deFullPage{Overview/LBS_solution_rel.pdf}
                                                   [28 <./Overview/COMP_solutio
n_rel.pdf>]
<Overview/LBS_solution_rel.pdf, id=334, 1650.165pt x 1188.44pt>
File: Overview/LBS_solution_rel.pdf Graphic file (type pdf)
<use Overview/LBS_solution_rel.pdf>
Package pdftex.def Info: Overview/LBS_solution_rel.pdf  used on input line 241.

(pdftex.def)             Requested size: 707.7249pt x 509.69547pt.

Overfull \hbox (95.06392pt too wide) in paragraph at lines 241--242
 []| [] 
 []


Overfull \vbox (73.56358pt too high) has occurred while \output is active []

pdfTeX warning (ext4): destination with the same identifier (name{page.}) has b
een already used, duplicate ignored
<to be read again> 
                   \relax 
l.243 ...deFullPage{Overview/BAE_solution_rel.pdf}
                                                   [29 <./Overview/LBS_solution
_rel.pdf>]
<Overview/BAE_solution_rel.pdf, id=344, 1650.165pt x 1188.44pt>
File: Overview/BAE_solution_rel.pdf Graphic file (type pdf)
<use Overview/BAE_solution_rel.pdf>
Package pdftex.def Info: Overview/BAE_solution_rel.pdf  used on input line 243.

(pdftex.def)             Requested size: 707.7249pt x 509.69547pt.

Overfull \hbox (95.06392pt too wide) in paragraph at lines 243--244
 []| [] 
 []


Overfull \vbox (73.56358pt too high) has occurred while \output is active []

pdfTeX warning (ext4): destination with the same identifier (name{page.}) has b
een already used, duplicate ignored
<to be read again> 
                   \relax 
l.245 ...udeFullPage{Overview/WP_solution_rel.pdf}
                                                   [30 <./Overview/BAE_solution
_rel.pdf>]
<Overview/WP_solution_rel.pdf, id=354, 1650.165pt x 1188.44pt>
File: Overview/WP_solution_rel.pdf Graphic file (type pdf)
<use Overview/WP_solution_rel.pdf>
Package pdftex.def Info: Overview/WP_solution_rel.pdf  used on input line 245.
(pdftex.def)             Requested size: 707.7249pt x 509.69547pt.

Overfull \hbox (95.06392pt too wide) in paragraph at lines 245--246
 []| [] 
 []


Overfull \vbox (73.56358pt too high) has occurred while \output is active []

pdfTeX warning (ext4): destination with the same identifier (name{page.}) has b
een already used, duplicate ignored
<to be read again> 
                   \relax 
l.247 ...eFullPage{Overview/ECON_solution_rel.pdf}
                                                   [31 <./Overview/WP_solution_
rel.pdf>]
<Overview/ECON_solution_rel.pdf, id=364, 1650.165pt x 1188.44pt>
File: Overview/ECON_solution_rel.pdf Graphic file (type pdf)
<use Overview/ECON_solution_rel.pdf>
Package pdftex.def Info: Overview/ECON_solution_rel.pdf  used on input line 247
.
(pdftex.def)             Requested size: 707.7249pt x 509.69547pt.

Overfull \hbox (95.06392pt too wide) in paragraph at lines 247--248
 []| [] 
 []


Overfull \vbox (73.56358pt too high) has occurred while \output is active []

pdfTeX warning (ext4): destination with the same identifier (name{page.}) has b
een already used, duplicate ignored
<to be read again> 
                   \relax 
l.249 ...udeFullPage{Overview/CT_solution_rel.pdf}
                                                   [32 <./Overview/ECON_solutio
n_rel.pdf>]
<Overview/CT_solution_rel.pdf, id=374, 1650.165pt x 1188.44pt>
File: Overview/CT_solution_rel.pdf Graphic file (type pdf)
<use Overview/CT_solution_rel.pdf>
Package pdftex.def Info: Overview/CT_solution_rel.pdf  used on input line 249.
(pdftex.def)             Requested size: 707.7249pt x 509.69547pt.

Overfull \hbox (95.06392pt too wide) in paragraph at lines 249--250
 []| [] 
 []


Overfull \vbox (73.56358pt too high) has occurred while \output is active []

pdfTeX warning (ext4): destination with the same identifier (name{page.}) has b
een already used, duplicate ignored
<to be read again> 
                   \relax 
l.251 ...udeFullPage{Overview/CB_solution_rel.pdf}
                                                   [33 <./Overview/CT_solution_
rel.pdf>]
<Overview/CB_solution_rel.pdf, id=384, 1650.165pt x 1307.88625pt>
File: Overview/CB_solution_rel.pdf Graphic file (type pdf)
<use Overview/CB_solution_rel.pdf>
Package pdftex.def Info: Overview/CB_solution_rel.pdf  used on input line 251.
(pdftex.def)             Requested size: 707.7249pt x 560.9233pt.

Overfull \hbox (95.06392pt too wide) in paragraph at lines 251--252
 []| [] 
 []


Overfull \vbox (124.79141pt too high) has occurred while \output is active []

pdfTeX warning (ext4): destination with the same identifier (name{page.}) has b
een already used, duplicate ignored
<to be read again> 
                   \relax 
l.253 ...eFullPage{Overview/INDP_solution_rel.pdf}
                                                   [34 <./Overview/CB_solution_
rel.pdf>]
<Overview/INDP_solution_rel.pdf, id=395, 1650.165pt x 1188.44pt>
File: Overview/INDP_solution_rel.pdf Graphic file (type pdf)
<use Overview/INDP_solution_rel.pdf>
Package pdftex.def Info: Overview/INDP_solution_rel.pdf  used on input line 253
.
(pdftex.def)             Requested size: 707.7249pt x 509.69547pt.

Overfull \hbox (95.06392pt too wide) in paragraph at lines 253--254
 []| [] 
 []


Overfull \vbox (73.56358pt too high) has occurred while \output is active []

pdfTeX warning (ext4): destination with the same identifier (name{page.}) has b
een already used, duplicate ignored
<to be read again> 
                   \relax 
l.255 ...udeFullPage{Overview/TL_solution_rel.pdf}
                                                   [35 <./Overview/INDP_solutio
n_rel.pdf>]
<Overview/TL_solution_rel.pdf, id=405, 1650.165pt x 1188.44pt>
File: Overview/TL_solution_rel.pdf Graphic file (type pdf)
<use Overview/TL_solution_rel.pdf>
Package pdftex.def Info: Overview/TL_solution_rel.pdf  used on input line 255.
(pdftex.def)             Requested size: 707.7249pt x 509.69547pt.

Overfull \hbox (95.06392pt too wide) in paragraph at lines 255--256
 []| [] 
 []


Overfull \vbox (73.56358pt too high) has occurred while \output is active []

pdfTeX warning (ext4): destination with the same identifier (name{page.}) has b
een already used, duplicate ignored
<to be read again> 
                   \relax 
l.257 ...deFullPage{Overview/LCN_solution_rel.pdf}
                                                   [36 <./Overview/TL_solution_
rel.pdf>]
<Overview/LCN_solution_rel.pdf, id=415, 1650.165pt x 1188.44pt>
File: Overview/LCN_solution_rel.pdf Graphic file (type pdf)
<use Overview/LCN_solution_rel.pdf>
Package pdftex.def Info: Overview/LCN_solution_rel.pdf  used on input line 257.

(pdftex.def)             Requested size: 707.7249pt x 509.69547pt.

Overfull \hbox (95.06392pt too wide) in paragraph at lines 257--258
 []| [] 
 []


Overfull \vbox (73.56358pt too high) has occurred while \output is active []

pdfTeX warning (ext4): destination with the same identifier (name{page.}) has b
een already used, duplicate ignored
<to be read again> 
                   \relax 
l.260     \includeFullPage{solution_abs.pdf}
                                             [37 <./Overview/LCN_solution_rel.p
df>]
<solution_abs.pdf, id=425, 1650.165pt x 1188.44pt>
File: solution_abs.pdf Graphic file (type pdf)
<use solution_abs.pdf>
Package pdftex.def Info: solution_abs.pdf  used on input line 260.
(pdftex.def)             Requested size: 707.7249pt x 509.69547pt.

Overfull \hbox (95.06392pt too wide) in paragraph at lines 260--261
 []| [] 
 []


Overfull \vbox (73.56358pt too high) has occurred while \output is active []

pdfTeX warning (ext4): destination with the same identifier (name{page.}) has b
een already used, duplicate ignored
<to be read again> 
                   \relax 
l.262     \newpage
                   [38 <./solution_abs.pdf>]
Package typearea Info: These are the values describing the layout:
(typearea)             DIV  = 8
(typearea)             BCOR = 0.0pt
(typearea)             \paperwidth      = 597.50793pt
(typearea)              \textwidth      = 373.44246pt
(typearea)              DIV departure   = -4%
(typearea)              \evensidemargin = 39.76274pt
(typearea)              \oddsidemargin  = 39.76274pt
(typearea)             \paperheight     = 845.04694pt
(typearea)              \textheight     = 538.0pt
(typearea)              \topmargin      = 0.36087pt
(typearea)              \headheight     = 15.0pt
(typearea)              \headsep        = 18.0pt
(typearea)              \topskip        = 10.0pt
(typearea)              \footskip       = 42.0pt
(typearea)              \baselineskip   = 12.0pt
(typearea)              on input line 264.
Package typearea Info: Using dirty hack to recalculate internal output
(typearea)             dimensions of LaTeX on input line 264.
<legend.pdf, id=435, 505.89pt x 1236.62pt>
File: legend.pdf Graphic file (type pdf)
<use legend.pdf>
Package pdftex.def Info: legend.pdf  used on input line 268.
(pdftex.def)             Requested size: 330.14458pt x 807.0pt.
Package atveryend Info: Empty hook `BeforeClearDocument' on input line 270.

Overfull \vbox (186.41536pt too high) has occurred while \output is active []

pdfTeX warning (ext4): destination with the same identifier (name{page.}) has b
een already used, duplicate ignored
<to be read again> 
                   \relax 
l.270 \end{document}
                     [39 <./legend.pdf>]
Package atveryend Info: Empty hook `AfterLastShipout' on input line 270.
 (./overview.aux)
Package atveryend Info: Executing hook `AtVeryEndDocument' on input line 270.
Package atveryend Info: Executing hook `AtEndAfterFileList' on input line 270.
Package rerunfilecheck Info: File `overview.out' has not changed.
(rerunfilecheck)             Checksum: 235D877744683257918BA10AC4E156AB;239.
Package atveryend Info: Empty hook `AtVeryVeryEnd' on input line 270.
 ) 
Here is how much of TeX's memory you used:
 6784 strings out of 492982
 107153 string characters out of 6134895
 222974 words of memory out of 5000000
 10258 multiletter control sequences out of 15000+600000
 7756 words of font info for 28 fonts, out of 8000000 for 9000
 1141 hyphenation exceptions out of 8191
 33i,6n,49p,636b,432s stack positions out of 5000i,500n,10000p,200000b,80000s
</usr/share/texlive/texmf-dist/fonts/type1/public/amsfonts/cm/cmbx10.pfb></us
r/share/texlive/texmf-dist/fonts/type1/public/amsfonts/cm/cmbx12.pfb></usr/shar
e/texlive/texmf-dist/fonts/type1/public/amsfonts/cm/cmr10.pfb></usr/share/texli
ve/texmf-dist/fonts/type1/public/amsfonts/cm/cmr12.pfb></usr/share/texlive/texm
f-dist/fonts/type1/public/amsfonts/cm/cmr17.pfb></usr/share/texlive/texmf-dist/
fonts/type1/public/amsfonts/cm/cmsy10.pfb></usr/share/texlive/texmf-dist/fonts/
type1/public/amsfonts/cm/cmtt10.pfb></usr/share/texlive/texmf-dist/fonts/type1/
urw/times/utmr8a.pfb>
Output written on overview.pdf (42 pages, 340046 bytes).
PDF statistics:
 478 PDF objects out of 1000 (max. 8388607)
 346 compressed objects within 4 object streams
 10 named destinations out of 1000 (max. 500000)
 231 words of extra memory for PDF output out of 10000 (max. 10000000)

